0 info it worked if it ends with ok
1 verbose cli [ 'D:\\Program Files\\nodejs\\node.exe',
1 verbose cli   'D:\\Program Files\\nodejs\\node_modules\\npm\\bin\\npm-cli.js',
1 verbose cli   'start' ]
2 info using npm@3.10.10
3 info using node@v6.11.1
4 verbose run-script [ 'prestart', 'start', 'poststart' ]
5 info lifecycle pwa-planet@1.0.0~prestart: pwa-planet@1.0.0
6 silly lifecycle pwa-planet@1.0.0~prestart: no script for prestart, continuing
7 info lifecycle pwa-planet@1.0.0~start: pwa-planet@1.0.0
8 verbose lifecycle pwa-planet@1.0.0~start: unsafe-perm in lifecycle true
9 verbose lifecycle pwa-planet@1.0.0~start: PATH: D:\Program Files\nodejs\node_modules\npm\bin\node-gyp-bin;D:\Mes documents\Dev\ProgressiveWebApps\pwa\node_modules\.bin;C:\Program Files (x86)\Razer Chroma SDK\bin;C:\Program Files\Razer Chroma SDK\bin;C:\Windows\system32;C:\Windows;C:\Windows\System32\Wbem;C:\Windows\System32\WindowsPowerShell\v1.0\;C:\Windows\system32\config\systemprofile\AppData\Local\Microsoft\WindowsApps;F:\Autres programmes\Cmder\;D:\Program Files\nodejs\;D:\Program Files\Git\cmd;C:\WINDOWS\system32;C:\WINDOWS;C:\WINDOWS\System32\Wbem;C:\WINDOWS\System32\WindowsPowerShell\v1.0\;D:\Program Files\HaxeToolkit\haxe\;D:\Program Files\HaxeToolkit\neko;D:\Program Files\Ruby24-x64\bin;C:\Users\Nico\AppData\Local\Microsoft\WindowsApps;C:\Users\Nico\AppData\Roaming\npm;D:\Program Files\Microsoft VS Code\bin;C:\Users\Nico\AppData\Local\atom\bin;D:\Program Files\Heroku\bin
10 verbose lifecycle pwa-planet@1.0.0~start: CWD: D:\Mes documents\Dev\ProgressiveWebApps\pwa
11 silly lifecycle pwa-planet@1.0.0~start: Args: [ '/d /s /c',
11 silly lifecycle   'if-env NODE_ENV=production && npm run start:prod || npm run start:dev' ]
12 silly lifecycle pwa-planet@1.0.0~start: Returned: code: 1  signal: null
13 info lifecycle pwa-planet@1.0.0~start: Failed to exec start script
14 verbose stack Error: pwa-planet@1.0.0 start: `if-env NODE_ENV=production && npm run start:prod || npm run start:dev`
14 verbose stack Exit status 1
14 verbose stack     at EventEmitter.<anonymous> (D:\Program Files\nodejs\node_modules\npm\lib\utils\lifecycle.js:255:16)
14 verbose stack     at emitTwo (events.js:106:13)
14 verbose stack     at EventEmitter.emit (events.js:191:7)
14 verbose stack     at ChildProcess.<anonymous> (D:\Program Files\nodejs\node_modules\npm\lib\utils\spawn.js:40:14)
14 verbose stack     at emitTwo (events.js:106:13)
14 verbose stack     at ChildProcess.emit (events.js:191:7)
14 verbose stack     at maybeClose (internal/child_process.js:891:16)
14 verbose stack     at Process.ChildProcess._handle.onexit (internal/child_process.js:226:5)
15 verbose pkgid pwa-planet@1.0.0
16 verbose cwd D:\Mes documents\Dev\ProgressiveWebApps\pwa
17 error Windows_NT 10.0.16299
18 error argv "D:\\Program Files\\nodejs\\node.exe" "D:\\Program Files\\nodejs\\node_modules\\npm\\bin\\npm-cli.js" "start"
19 error node v6.11.1
20 error npm  v3.10.10
21 error code ELIFECYCLE
22 error pwa-planet@1.0.0 start: `if-env NODE_ENV=production && npm run start:prod || npm run start:dev`
22 error Exit status 1
23 error Failed at the pwa-planet@1.0.0 start script 'if-env NODE_ENV=production && npm run start:prod || npm run start:dev'.
23 error Make sure you have the latest version of node.js and npm installed.
23 error If you do, this is most likely a problem with the pwa-planet package,
23 error not with npm itself.
23 error Tell the author that this fails on your system:
23 error     if-env NODE_ENV=production && npm run start:prod || npm run start:dev
23 error You can get information on how to open an issue for this project with:
23 error     npm bugs pwa-planet
23 error Or if that isn't available, you can get their info via:
23 error     npm owner ls pwa-planet
23 error There is likely additional logging output above.
24 verbose exit [ 1, true ]
